---------------------------------------------------------------
[ 2019-06-11T17:15:26+08:00 ] ::1 GET /admin/diary
[ info ] localhost/admin/diary [运行时间：0.093005s][吞吐率：10.75req/s] [内存消耗：868.02kb] [文件加载：48]
[ info ] [ LANG ] C:\xampp\htdocs\thinkphp\lang\zh-cn.php
[ info ] [ LOG ] INIT File
---------------------------------------------------------------
[ 2019-06-11T17:15:27+08:00 ] ::1 GET /favicon.ico
[ info ] localhost/favicon.ico [运行时间：0.033001s][吞吐率：30.30req/s] [内存消耗：868.01kb] [文件加载：48]
[ info ] [ LANG ] C:\xampp\htdocs\thinkphp\lang\zh-cn.php
[ info ] [ LOG ] INIT File
---------------------------------------------------------------
[ 2019-06-11T17:15:29+08:00 ] ::1 GET /
[ info ] localhost/ [运行时间：0.069004s][吞吐率：14.49req/s] [内存消耗：1,060.02kb] [文件加载：55]
[ info ] [ LANG ] C:\xampp\htdocs\thinkphp\lang\zh-cn.php
[ info ] [ ROUTE ] array (
  'rule' => '',
  'route' => 'index/index',
  'option' => 
  array (
    'merge_rule_regex' => false,
  ),
  'var' => 
  array (
  ),
)
[ info ] [ HEADER ] array (
  'host' => 'localhost',
  'connection' => 'keep-alive',
  'upgrade-insecure-requests' => '1',
  'user-agent' => 'Mozilla/5.0 (Windows NT 6.1; Win64; x64) AppleWebKit/537.36 (KHTML, like Gecko) Chrome/74.0.3729.169 Safari/537.36',
  'accept' => 'text/html,application/xhtml+xml,application/xml;q=0.9,image/webp,image/apng,*/*;q=0.8,application/signed-exchange;v=b3',
  'accept-encoding' => 'gzip, deflate, br',
  'accept-language' => 'zh-CN,zh;q=0.9,und;q=0.8',
  'cookie' => 'Hm_lvt_e701a3287df46ba2b094421b447da61a=1549613947; Phpstorm-4c7343b3=59736591-84da-4a4c-ac99-aaa65045068d',
)
[ info ] [ PARAM ] array (
)
[ info ] [ LOG ] INIT File
[ error ] [2]"continue" targeting switch is equivalent to "break". Did you mean to use "continue 2"?[C:\xampp\htdocs\thinkphp\library\think\Template.php:1047]
---------------------------------------------------------------
[ 2019-06-11T17:17:37+08:00 ] ::1 GET /v1/1/banner
[ info ] localhost/v1/1/banner [运行时间：0.077004s][吞吐率：12.99req/s] [内存消耗：868.60kb] [文件加载：48]
[ info ] [ LANG ] C:\xampp\htdocs\thinkphp\lang\zh-cn.php
[ info ] [ LOG ] INIT File
---------------------------------------------------------------
[ 2019-06-11T17:18:11+08:00 ] ::1 GET /v1/banner/1
[ info ] localhost/v1/banner/1 [运行时间：0.038002s][吞吐率：26.31req/s] [内存消耗：868.60kb] [文件加载：48]
[ info ] [ LANG ] C:\xampp\htdocs\thinkphp\lang\zh-cn.php
[ info ] [ LOG ] INIT File
---------------------------------------------------------------
[ 2019-06-11T17:19:30+08:00 ] ::1 GET /
[ info ] localhost/ [运行时间：0.053003s][吞吐率：18.87req/s] [内存消耗：1,060.02kb] [文件加载：55]
[ info ] [ LANG ] C:\xampp\htdocs\thinkphp\lang\zh-cn.php
[ info ] [ ROUTE ] array (
  'rule' => '',
  'route' => 'index/index',
  'option' => 
  array (
    'merge_rule_regex' => false,
  ),
  'var' => 
  array (
  ),
)
[ info ] [ HEADER ] array (
  'host' => 'localhost',
  'connection' => 'keep-alive',
  'upgrade-insecure-requests' => '1',
  'user-agent' => 'Mozilla/5.0 (Windows NT 6.1; Win64; x64) AppleWebKit/537.36 (KHTML, like Gecko) Chrome/74.0.3729.169 Safari/537.36',
  'accept' => 'text/html,application/xhtml+xml,application/xml;q=0.9,image/webp,image/apng,*/*;q=0.8,application/signed-exchange;v=b3',
  'accept-encoding' => 'gzip, deflate, br',
  'accept-language' => 'zh-CN,zh;q=0.9,und;q=0.8',
  'cookie' => 'Hm_lvt_e701a3287df46ba2b094421b447da61a=1549613947; Phpstorm-4c7343b3=59736591-84da-4a4c-ac99-aaa65045068d',
)
[ info ] [ PARAM ] array (
)
[ info ] [ LOG ] INIT File
[ error ] [2]"continue" targeting switch is equivalent to "break". Did you mean to use "continue 2"?[C:\xampp\htdocs\thinkphp\library\think\Template.php:1047]
---------------------------------------------------------------
[ 2019-06-11T17:19:58+08:00 ] ::1 GET /
[ error ] [2]"continue" targeting switch is equivalent to "break". Did you mean to use "continue 2"?
---------------------------------------------------------------
[ 2019-06-11T17:19:59+08:00 ] ::1 GET /
[ error ] [2]"continue" targeting switch is equivalent to "break". Did you mean to use "continue 2"?
---------------------------------------------------------------
[ 2019-06-11T17:20:00+08:00 ] ::1 GET /
[ error ] [2]"continue" targeting switch is equivalent to "break". Did you mean to use "continue 2"?
---------------------------------------------------------------
[ 2019-06-11T17:20:00+08:00 ] ::1 GET /
[ error ] [2]"continue" targeting switch is equivalent to "break". Did you mean to use "continue 2"?
---------------------------------------------------------------
[ 2019-06-11T17:20:01+08:00 ] ::1 GET /
[ error ] [2]"continue" targeting switch is equivalent to "break". Did you mean to use "continue 2"?
---------------------------------------------------------------
[ 2019-06-11T17:20:01+08:00 ] ::1 GET /
[ error ] [2]"continue" targeting switch is equivalent to "break". Did you mean to use "continue 2"?
---------------------------------------------------------------
[ 2019-06-11T17:20:01+08:00 ] ::1 GET /
[ error ] [2]"continue" targeting switch is equivalent to "break". Did you mean to use "continue 2"?
---------------------------------------------------------------
[ 2019-06-11T17:20:36+08:00 ] ::1 GET /
[ info ] localhost/ [运行时间：0.041002s][吞吐率：24.39req/s] [内存消耗：1,060.45kb] [文件加载：55]
[ info ] [ LANG ] C:\xampp\htdocs\thinkphp\lang\zh-cn.php
[ info ] [ ROUTE ] array (
  'rule' => '',
  'route' => 'index/index',
  'option' => 
  array (
    'merge_rule_regex' => false,
  ),
  'var' => 
  array (
  ),
)
[ info ] [ HEADER ] array (
  'host' => 'localhost',
  'connection' => 'keep-alive',
  'cache-control' => 'max-age=0',
  'upgrade-insecure-requests' => '1',
  'user-agent' => 'Mozilla/5.0 (Windows NT 6.1; Win64; x64) AppleWebKit/537.36 (KHTML, like Gecko) Chrome/74.0.3729.169 Safari/537.36',
  'accept' => 'text/html,application/xhtml+xml,application/xml;q=0.9,image/webp,image/apng,*/*;q=0.8,application/signed-exchange;v=b3',
  'accept-encoding' => 'gzip, deflate, br',
  'accept-language' => 'zh-CN,zh;q=0.9,und;q=0.8',
  'cookie' => 'Hm_lvt_e701a3287df46ba2b094421b447da61a=1549613947; Phpstorm-4c7343b3=59736591-84da-4a4c-ac99-aaa65045068d',
)
[ info ] [ PARAM ] array (
)
[ info ] [ LOG ] INIT File
[ error ] [2]"continue" targeting switch is equivalent to "break". Did you mean to use "continue 2"?[C:\xampp\htdocs\thinkphp\library\think\Template.php:1047]
---------------------------------------------------------------
[ 2019-06-11T17:20:37+08:00 ] ::1 GET /
[ info ] localhost/ [运行时间：0.041002s][吞吐率：24.39req/s] [内存消耗：1,060.45kb] [文件加载：55]
[ info ] [ LANG ] C:\xampp\htdocs\thinkphp\lang\zh-cn.php
[ info ] [ ROUTE ] array (
  'rule' => '',
  'route' => 'index/index',
  'option' => 
  array (
    'merge_rule_regex' => false,
  ),
  'var' => 
  array (
  ),
)
[ info ] [ HEADER ] array (
  'host' => 'localhost',
  'connection' => 'keep-alive',
  'cache-control' => 'max-age=0',
  'upgrade-insecure-requests' => '1',
  'user-agent' => 'Mozilla/5.0 (Windows NT 6.1; Win64; x64) AppleWebKit/537.36 (KHTML, like Gecko) Chrome/74.0.3729.169 Safari/537.36',
  'accept' => 'text/html,application/xhtml+xml,application/xml;q=0.9,image/webp,image/apng,*/*;q=0.8,application/signed-exchange;v=b3',
  'accept-encoding' => 'gzip, deflate, br',
  'accept-language' => 'zh-CN,zh;q=0.9,und;q=0.8',
  'cookie' => 'Hm_lvt_e701a3287df46ba2b094421b447da61a=1549613947; Phpstorm-4c7343b3=59736591-84da-4a4c-ac99-aaa65045068d',
)
[ info ] [ PARAM ] array (
)
[ info ] [ LOG ] INIT File
[ error ] [2]"continue" targeting switch is equivalent to "break". Did you mean to use "continue 2"?[C:\xampp\htdocs\thinkphp\library\think\Template.php:1047]
---------------------------------------------------------------
[ 2019-06-11T17:20:37+08:00 ] ::1 GET /
[ info ] localhost/ [运行时间：0.051003s][吞吐率：19.61req/s] [内存消耗：1,060.45kb] [文件加载：55]
[ info ] [ LANG ] C:\xampp\htdocs\thinkphp\lang\zh-cn.php
[ info ] [ ROUTE ] array (
  'rule' => '',
  'route' => 'index/index',
  'option' => 
  array (
    'merge_rule_regex' => false,
  ),
  'var' => 
  array (
  ),
)
[ info ] [ HEADER ] array (
  'host' => 'localhost',
  'connection' => 'keep-alive',
  'cache-control' => 'max-age=0',
  'upgrade-insecure-requests' => '1',
  'user-agent' => 'Mozilla/5.0 (Windows NT 6.1; Win64; x64) AppleWebKit/537.36 (KHTML, like Gecko) Chrome/74.0.3729.169 Safari/537.36',
  'accept' => 'text/html,application/xhtml+xml,application/xml;q=0.9,image/webp,image/apng,*/*;q=0.8,application/signed-exchange;v=b3',
  'accept-encoding' => 'gzip, deflate, br',
  'accept-language' => 'zh-CN,zh;q=0.9,und;q=0.8',
  'cookie' => 'Hm_lvt_e701a3287df46ba2b094421b447da61a=1549613947; Phpstorm-4c7343b3=59736591-84da-4a4c-ac99-aaa65045068d',
)
[ info ] [ PARAM ] array (
)
[ info ] [ LOG ] INIT File
[ error ] [2]"continue" targeting switch is equivalent to "break". Did you mean to use "continue 2"?[C:\xampp\htdocs\thinkphp\library\think\Template.php:1047]
---------------------------------------------------------------
[ 2019-06-11T17:20:37+08:00 ] ::1 GET /
[ info ] localhost/ [运行时间：0.055003s][吞吐率：18.18req/s] [内存消耗：1,060.45kb] [文件加载：55]
[ info ] [ LANG ] C:\xampp\htdocs\thinkphp\lang\zh-cn.php
[ info ] [ ROUTE ] array (
  'rule' => '',
  'route' => 'index/index',
  'option' => 
  array (
    'merge_rule_regex' => false,
  ),
  'var' => 
  array (
  ),
)
[ info ] [ HEADER ] array (
  'host' => 'localhost',
  'connection' => 'keep-alive',
  'cache-control' => 'max-age=0',
  'upgrade-insecure-requests' => '1',
  'user-agent' => 'Mozilla/5.0 (Windows NT 6.1; Win64; x64) AppleWebKit/537.36 (KHTML, like Gecko) Chrome/74.0.3729.169 Safari/537.36',
  'accept' => 'text/html,application/xhtml+xml,application/xml;q=0.9,image/webp,image/apng,*/*;q=0.8,application/signed-exchange;v=b3',
  'accept-encoding' => 'gzip, deflate, br',
  'accept-language' => 'zh-CN,zh;q=0.9,und;q=0.8',
  'cookie' => 'Hm_lvt_e701a3287df46ba2b094421b447da61a=1549613947; Phpstorm-4c7343b3=59736591-84da-4a4c-ac99-aaa65045068d',
)
[ info ] [ PARAM ] array (
)
[ info ] [ LOG ] INIT File
[ error ] [2]"continue" targeting switch is equivalent to "break". Did you mean to use "continue 2"?[C:\xampp\htdocs\thinkphp\library\think\Template.php:1047]
---------------------------------------------------------------
[ 2019-06-11T17:20:37+08:00 ] ::1 GET /
[ info ] localhost/ [运行时间：0.059004s][吞吐率：16.95req/s] [内存消耗：1,060.45kb] [文件加载：55]
[ info ] [ LANG ] C:\xampp\htdocs\thinkphp\lang\zh-cn.php
[ info ] [ ROUTE ] array (
  'rule' => '',
  'route' => 'index/index',
  'option' => 
  array (
    'merge_rule_regex' => false,
  ),
  'var' => 
  array (
  ),
)
[ info ] [ HEADER ] array (
  'host' => 'localhost',
  'connection' => 'keep-alive',
  'cache-control' => 'max-age=0',
  'upgrade-insecure-requests' => '1',
  'user-agent' => 'Mozilla/5.0 (Windows NT 6.1; Win64; x64) AppleWebKit/537.36 (KHTML, like Gecko) Chrome/74.0.3729.169 Safari/537.36',
  'accept' => 'text/html,application/xhtml+xml,application/xml;q=0.9,image/webp,image/apng,*/*;q=0.8,application/signed-exchange;v=b3',
  'accept-encoding' => 'gzip, deflate, br',
  'accept-language' => 'zh-CN,zh;q=0.9,und;q=0.8',
  'cookie' => 'Hm_lvt_e701a3287df46ba2b094421b447da61a=1549613947; Phpstorm-4c7343b3=59736591-84da-4a4c-ac99-aaa65045068d',
)
[ info ] [ PARAM ] array (
)
[ info ] [ LOG ] INIT File
[ error ] [2]"continue" targeting switch is equivalent to "break". Did you mean to use "continue 2"?[C:\xampp\htdocs\thinkphp\library\think\Template.php:1047]
---------------------------------------------------------------
[ 2019-06-11T17:20:38+08:00 ] ::1 GET /
[ info ] localhost/ [运行时间：0.049002s][吞吐率：20.41req/s] [内存消耗：1,060.45kb] [文件加载：55]
[ info ] [ LANG ] C:\xampp\htdocs\thinkphp\lang\zh-cn.php
[ info ] [ ROUTE ] array (
  'rule' => '',
  'route' => 'index/index',
  'option' => 
  array (
    'merge_rule_regex' => false,
  ),
  'var' => 
  array (
  ),
)
[ info ] [ HEADER ] array (
  'host' => 'localhost',
  'connection' => 'keep-alive',
  'cache-control' => 'max-age=0',
  'upgrade-insecure-requests' => '1',
  'user-agent' => 'Mozilla/5.0 (Windows NT 6.1; Win64; x64) AppleWebKit/537.36 (KHTML, like Gecko) Chrome/74.0.3729.169 Safari/537.36',
  'accept' => 'text/html,application/xhtml+xml,application/xml;q=0.9,image/webp,image/apng,*/*;q=0.8,application/signed-exchange;v=b3',
  'accept-encoding' => 'gzip, deflate, br',
  'accept-language' => 'zh-CN,zh;q=0.9,und;q=0.8',
  'cookie' => 'Hm_lvt_e701a3287df46ba2b094421b447da61a=1549613947; Phpstorm-4c7343b3=59736591-84da-4a4c-ac99-aaa65045068d',
)
[ info ] [ PARAM ] array (
)
[ info ] [ LOG ] INIT File
[ error ] [2]"continue" targeting switch is equivalent to "break". Did you mean to use "continue 2"?[C:\xampp\htdocs\thinkphp\library\think\Template.php:1047]
---------------------------------------------------------------
[ 2019-06-11T17:22:31+08:00 ] ::1 GET /
[ info ] localhost/ [运行时间：0.081005s][吞吐率：12.34req/s] [内存消耗：1,060.41kb] [文件加载：55]
[ info ] [ LANG ] C:\xampp\htdocs\thinkphp\lang\zh-cn.php
[ info ] [ ROUTE ] array (
  'rule' => '',
  'route' => 'index/index',
  'option' => 
  array (
    'merge_rule_regex' => false,
  ),
  'var' => 
  array (
  ),
)
[ info ] [ HEADER ] array (
  'host' => 'localhost',
  'connection' => 'keep-alive',
  'cache-control' => 'max-age=0',
  'upgrade-insecure-requests' => '1',
  'user-agent' => 'Mozilla/5.0 (Windows NT 6.1; Win64; x64) AppleWebKit/537.36 (KHTML, like Gecko) Chrome/74.0.3729.169 Safari/537.36',
  'accept' => 'text/html,application/xhtml+xml,application/xml;q=0.9,image/webp,image/apng,*/*;q=0.8,application/signed-exchange;v=b3',
  'accept-encoding' => 'gzip, deflate, br',
  'accept-language' => 'zh-CN,zh;q=0.9,und;q=0.8',
  'cookie' => 'Hm_lvt_e701a3287df46ba2b094421b447da61a=1549613947; Phpstorm-4c7343b3=59736591-84da-4a4c-ac99-aaa65045068d',
)
[ info ] [ PARAM ] array (
)
[ info ] [ LOG ] INIT File
[ error ] [2]"continue" targeting switch is equivalent to "break". Did you mean to use "continue 2"?[C:\xampp\htdocs\thinkphp\library\think\Template.php:1047]
---------------------------------------------------------------
[ 2019-06-11T17:22:32+08:00 ] ::1 GET /
[ info ] localhost/ [运行时间：0.039002s][吞吐率：25.64req/s] [内存消耗：1,060.41kb] [文件加载：55]
[ info ] [ LANG ] C:\xampp\htdocs\thinkphp\lang\zh-cn.php
[ info ] [ ROUTE ] array (
  'rule' => '',
  'route' => 'index/index',
  'option' => 
  array (
    'merge_rule_regex' => false,
  ),
  'var' => 
  array (
  ),
)
[ info ] [ HEADER ] array (
  'host' => 'localhost',
  'connection' => 'keep-alive',
  'cache-control' => 'max-age=0',
  'upgrade-insecure-requests' => '1',
  'user-agent' => 'Mozilla/5.0 (Windows NT 6.1; Win64; x64) AppleWebKit/537.36 (KHTML, like Gecko) Chrome/74.0.3729.169 Safari/537.36',
  'accept' => 'text/html,application/xhtml+xml,application/xml;q=0.9,image/webp,image/apng,*/*;q=0.8,application/signed-exchange;v=b3',
  'accept-encoding' => 'gzip, deflate, br',
  'accept-language' => 'zh-CN,zh;q=0.9,und;q=0.8',
  'cookie' => 'Hm_lvt_e701a3287df46ba2b094421b447da61a=1549613947; Phpstorm-4c7343b3=59736591-84da-4a4c-ac99-aaa65045068d',
)
[ info ] [ PARAM ] array (
)
[ info ] [ LOG ] INIT File
[ error ] [2]"continue" targeting switch is equivalent to "break". Did you mean to use "continue 2"?[C:\xampp\htdocs\thinkphp\library\think\Template.php:1047]
---------------------------------------------------------------
[ 2019-06-11T17:22:32+08:00 ] ::1 GET /
[ info ] localhost/ [运行时间：0.047003s][吞吐率：21.28req/s] [内存消耗：1,060.41kb] [文件加载：55]
[ info ] [ LANG ] C:\xampp\htdocs\thinkphp\lang\zh-cn.php
[ info ] [ ROUTE ] array (
  'rule' => '',
  'route' => 'index/index',
  'option' => 
  array (
    'merge_rule_regex' => false,
  ),
  'var' => 
  array (
  ),
)
[ info ] [ HEADER ] array (
  'host' => 'localhost',
  'connection' => 'keep-alive',
  'cache-control' => 'max-age=0',
  'upgrade-insecure-requests' => '1',
  'user-agent' => 'Mozilla/5.0 (Windows NT 6.1; Win64; x64) AppleWebKit/537.36 (KHTML, like Gecko) Chrome/74.0.3729.169 Safari/537.36',
  'accept' => 'text/html,application/xhtml+xml,application/xml;q=0.9,image/webp,image/apng,*/*;q=0.8,application/signed-exchange;v=b3',
  'accept-encoding' => 'gzip, deflate, br',
  'accept-language' => 'zh-CN,zh;q=0.9,und;q=0.8',
  'cookie' => 'Hm_lvt_e701a3287df46ba2b094421b447da61a=1549613947; Phpstorm-4c7343b3=59736591-84da-4a4c-ac99-aaa65045068d',
)
[ info ] [ PARAM ] array (
)
[ info ] [ LOG ] INIT File
[ error ] [2]"continue" targeting switch is equivalent to "break". Did you mean to use "continue 2"?[C:\xampp\htdocs\thinkphp\library\think\Template.php:1047]
---------------------------------------------------------------
[ 2019-06-11T17:22:32+08:00 ] ::1 GET /
[ info ] localhost/ [运行时间：0.046003s][吞吐率：21.74req/s] [内存消耗：1,060.41kb] [文件加载：55]
[ info ] [ LANG ] C:\xampp\htdocs\thinkphp\lang\zh-cn.php
[ info ] [ ROUTE ] array (
  'rule' => '',
  'route' => 'index/index',
  'option' => 
  array (
    'merge_rule_regex' => false,
  ),
  'var' => 
  array (
  ),
)
[ info ] [ HEADER ] array (
  'host' => 'localhost',
  'connection' => 'keep-alive',
  'cache-control' => 'max-age=0',
  'upgrade-insecure-requests' => '1',
  'user-agent' => 'Mozilla/5.0 (Windows NT 6.1; Win64; x64) AppleWebKit/537.36 (KHTML, like Gecko) Chrome/74.0.3729.169 Safari/537.36',
  'accept' => 'text/html,application/xhtml+xml,application/xml;q=0.9,image/webp,image/apng,*/*;q=0.8,application/signed-exchange;v=b3',
  'accept-encoding' => 'gzip, deflate, br',
  'accept-language' => 'zh-CN,zh;q=0.9,und;q=0.8',
  'cookie' => 'Hm_lvt_e701a3287df46ba2b094421b447da61a=1549613947; Phpstorm-4c7343b3=59736591-84da-4a4c-ac99-aaa65045068d',
)
[ info ] [ PARAM ] array (
)
[ info ] [ LOG ] INIT File
[ error ] [2]"continue" targeting switch is equivalent to "break". Did you mean to use "continue 2"?[C:\xampp\htdocs\thinkphp\library\think\Template.php:1047]
---------------------------------------------------------------
[ 2019-06-11T17:22:55+08:00 ] ::1 GET /
[ info ] localhost/ [运行时间：0.047002s][吞吐率：21.28req/s] [内存消耗：1,060.70kb] [文件加载：55]
[ info ] [ LANG ] C:\xampp\htdocs\thinkphp\lang\zh-cn.php
[ info ] [ ROUTE ] array (
  'rule' => '',
  'route' => 'index/index',
  'option' => 
  array (
    'merge_rule_regex' => false,
  ),
  'var' => 
  array (
  ),
)
[ info ] [ HEADER ] array (
  'host' => 'localhost',
  'connection' => 'keep-alive',
  'cache-control' => 'max-age=0',
  'upgrade-insecure-requests' => '1',
  'user-agent' => 'Mozilla/5.0 (Windows NT 6.1; Win64; x64) AppleWebKit/537.36 (KHTML, like Gecko) Chrome/74.0.3729.169 Safari/537.36',
  'accept' => 'text/html,application/xhtml+xml,application/xml;q=0.9,image/webp,image/apng,*/*;q=0.8,application/signed-exchange;v=b3',
  'accept-encoding' => 'gzip, deflate, br',
  'accept-language' => 'zh-CN,zh;q=0.9,und;q=0.8',
  'cookie' => 'Hm_lvt_e701a3287df46ba2b094421b447da61a=1549613947; Phpstorm-4c7343b3=59736591-84da-4a4c-ac99-aaa65045068d',
)
[ info ] [ PARAM ] array (
)
[ info ] [ LOG ] INIT File
[ error ] [2]"continue" targeting switch is equivalent to "break". Did you mean to use "continue 2"?[C:\xampp\htdocs\thinkphp\library\think\Template.php:1047]
---------------------------------------------------------------
[ 2019-06-11T17:22:56+08:00 ] ::1 GET /
[ info ] localhost/ [运行时间：0.046003s][吞吐率：21.74req/s] [内存消耗：1,060.70kb] [文件加载：55]
[ info ] [ LANG ] C:\xampp\htdocs\thinkphp\lang\zh-cn.php
[ info ] [ ROUTE ] array (
  'rule' => '',
  'route' => 'index/index',
  'option' => 
  array (
    'merge_rule_regex' => false,
  ),
  'var' => 
  array (
  ),
)
[ info ] [ HEADER ] array (
  'host' => 'localhost',
  'connection' => 'keep-alive',
  'cache-control' => 'max-age=0',
  'upgrade-insecure-requests' => '1',
  'user-agent' => 'Mozilla/5.0 (Windows NT 6.1; Win64; x64) AppleWebKit/537.36 (KHTML, like Gecko) Chrome/74.0.3729.169 Safari/537.36',
  'accept' => 'text/html,application/xhtml+xml,application/xml;q=0.9,image/webp,image/apng,*/*;q=0.8,application/signed-exchange;v=b3',
  'accept-encoding' => 'gzip, deflate, br',
  'accept-language' => 'zh-CN,zh;q=0.9,und;q=0.8',
  'cookie' => 'Hm_lvt_e701a3287df46ba2b094421b447da61a=1549613947; Phpstorm-4c7343b3=59736591-84da-4a4c-ac99-aaa65045068d',
)
[ info ] [ PARAM ] array (
)
[ info ] [ LOG ] INIT File
[ error ] [2]"continue" targeting switch is equivalent to "break". Did you mean to use "continue 2"?[C:\xampp\htdocs\thinkphp\library\think\Template.php:1047]
---------------------------------------------------------------
[ 2019-06-11T17:22:56+08:00 ] ::1 GET /
[ info ] localhost/ [运行时间：0.045003s][吞吐率：22.22req/s] [内存消耗：1,060.70kb] [文件加载：55]
[ info ] [ LANG ] C:\xampp\htdocs\thinkphp\lang\zh-cn.php
[ info ] [ ROUTE ] array (
  'rule' => '',
  'route' => 'index/index',
  'option' => 
  array (
    'merge_rule_regex' => false,
  ),
  'var' => 
  array (
  ),
)
[ info ] [ HEADER ] array (
  'host' => 'localhost',
  'connection' => 'keep-alive',
  'cache-control' => 'max-age=0',
  'upgrade-insecure-requests' => '1',
  'user-agent' => 'Mozilla/5.0 (Windows NT 6.1; Win64; x64) AppleWebKit/537.36 (KHTML, like Gecko) Chrome/74.0.3729.169 Safari/537.36',
  'accept' => 'text/html,application/xhtml+xml,application/xml;q=0.9,image/webp,image/apng,*/*;q=0.8,application/signed-exchange;v=b3',
  'accept-encoding' => 'gzip, deflate, br',
  'accept-language' => 'zh-CN,zh;q=0.9,und;q=0.8',
  'cookie' => 'Hm_lvt_e701a3287df46ba2b094421b447da61a=1549613947; Phpstorm-4c7343b3=59736591-84da-4a4c-ac99-aaa65045068d',
)
[ info ] [ PARAM ] array (
)
[ info ] [ LOG ] INIT File
[ error ] [2]"continue" targeting switch is equivalent to "break". Did you mean to use "continue 2"?[C:\xampp\htdocs\thinkphp\library\think\Template.php:1047]
---------------------------------------------------------------
[ 2019-06-11T17:22:57+08:00 ] ::1 GET /
[ info ] localhost/ [运行时间：0.055003s][吞吐率：18.18req/s] [内存消耗：1,060.70kb] [文件加载：55]
[ info ] [ LANG ] C:\xampp\htdocs\thinkphp\lang\zh-cn.php
[ info ] [ ROUTE ] array (
  'rule' => '',
  'route' => 'index/index',
  'option' => 
  array (
    'merge_rule_regex' => false,
  ),
  'var' => 
  array (
  ),
)
[ info ] [ HEADER ] array (
  'host' => 'localhost',
  'connection' => 'keep-alive',
  'cache-control' => 'max-age=0',
  'upgrade-insecure-requests' => '1',
  'user-agent' => 'Mozilla/5.0 (Windows NT 6.1; Win64; x64) AppleWebKit/537.36 (KHTML, like Gecko) Chrome/74.0.3729.169 Safari/537.36',
  'accept' => 'text/html,application/xhtml+xml,application/xml;q=0.9,image/webp,image/apng,*/*;q=0.8,application/signed-exchange;v=b3',
  'accept-encoding' => 'gzip, deflate, br',
  'accept-language' => 'zh-CN,zh;q=0.9,und;q=0.8',
  'cookie' => 'Hm_lvt_e701a3287df46ba2b094421b447da61a=1549613947; Phpstorm-4c7343b3=59736591-84da-4a4c-ac99-aaa65045068d',
)
[ info ] [ PARAM ] array (
)
[ info ] [ LOG ] INIT File
[ error ] [2]"continue" targeting switch is equivalent to "break". Did you mean to use "continue 2"?[C:\xampp\htdocs\thinkphp\library\think\Template.php:1047]
---------------------------------------------------------------
[ 2019-06-11T17:22:57+08:00 ] ::1 GET /
[ info ] localhost/ [运行时间：0.060003s][吞吐率：16.67req/s] [内存消耗：1,060.70kb] [文件加载：55]
[ info ] [ LANG ] C:\xampp\htdocs\thinkphp\lang\zh-cn.php
[ info ] [ ROUTE ] array (
  'rule' => '',
  'route' => 'index/index',
  'option' => 
  array (
    'merge_rule_regex' => false,
  ),
  'var' => 
  array (
  ),
)
[ info ] [ HEADER ] array (
  'host' => 'localhost',
  'connection' => 'keep-alive',
  'cache-control' => 'max-age=0',
  'upgrade-insecure-requests' => '1',
  'user-agent' => 'Mozilla/5.0 (Windows NT 6.1; Win64; x64) AppleWebKit/537.36 (KHTML, like Gecko) Chrome/74.0.3729.169 Safari/537.36',
  'accept' => 'text/html,application/xhtml+xml,application/xml;q=0.9,image/webp,image/apng,*/*;q=0.8,application/signed-exchange;v=b3',
  'accept-encoding' => 'gzip, deflate, br',
  'accept-language' => 'zh-CN,zh;q=0.9,und;q=0.8',
  'cookie' => 'Hm_lvt_e701a3287df46ba2b094421b447da61a=1549613947; Phpstorm-4c7343b3=59736591-84da-4a4c-ac99-aaa65045068d',
)
[ info ] [ PARAM ] array (
)
[ info ] [ LOG ] INIT File
[ error ] [2]"continue" targeting switch is equivalent to "break". Did you mean to use "continue 2"?[C:\xampp\htdocs\thinkphp\library\think\Template.php:1047]
---------------------------------------------------------------
[ 2019-06-11T17:22:57+08:00 ] ::1 GET /
[ info ] localhost/ [运行时间：0.080005s][吞吐率：12.50req/s] [内存消耗：1,060.70kb] [文件加载：55]
[ info ] [ LANG ] C:\xampp\htdocs\thinkphp\lang\zh-cn.php
[ info ] [ ROUTE ] array (
  'rule' => '',
  'route' => 'index/index',
  'option' => 
  array (
    'merge_rule_regex' => false,
  ),
  'var' => 
  array (
  ),
)
[ info ] [ HEADER ] array (
  'host' => 'localhost',
  'connection' => 'keep-alive',
  'cache-control' => 'max-age=0',
  'upgrade-insecure-requests' => '1',
  'user-agent' => 'Mozilla/5.0 (Windows NT 6.1; Win64; x64) AppleWebKit/537.36 (KHTML, like Gecko) Chrome/74.0.3729.169 Safari/537.36',
  'accept' => 'text/html,application/xhtml+xml,application/xml;q=0.9,image/webp,image/apng,*/*;q=0.8,application/signed-exchange;v=b3',
  'accept-encoding' => 'gzip, deflate, br',
  'accept-language' => 'zh-CN,zh;q=0.9,und;q=0.8',
  'cookie' => 'Hm_lvt_e701a3287df46ba2b094421b447da61a=1549613947; Phpstorm-4c7343b3=59736591-84da-4a4c-ac99-aaa65045068d',
)
[ info ] [ PARAM ] array (
)
[ info ] [ LOG ] INIT File
[ error ] [2]"continue" targeting switch is equivalent to "break". Did you mean to use "continue 2"?[C:\xampp\htdocs\thinkphp\library\think\Template.php:1047]
---------------------------------------------------------------
[ 2019-06-11T17:22:57+08:00 ] ::1 GET /
[ info ] localhost/ [运行时间：0.058003s][吞吐率：17.24req/s] [内存消耗：1,060.70kb] [文件加载：55]
[ info ] [ LANG ] C:\xampp\htdocs\thinkphp\lang\zh-cn.php
[ info ] [ ROUTE ] array (
  'rule' => '',
  'route' => 'index/index',
  'option' => 
  array (
    'merge_rule_regex' => false,
  ),
  'var' => 
  array (
  ),
)
[ info ] [ HEADER ] array (
  'host' => 'localhost',
  'connection' => 'keep-alive',
  'cache-control' => 'max-age=0',
  'upgrade-insecure-requests' => '1',
  'user-agent' => 'Mozilla/5.0 (Windows NT 6.1; Win64; x64) AppleWebKit/537.36 (KHTML, like Gecko) Chrome/74.0.3729.169 Safari/537.36',
  'accept' => 'text/html,application/xhtml+xml,application/xml;q=0.9,image/webp,image/apng,*/*;q=0.8,application/signed-exchange;v=b3',
  'accept-encoding' => 'gzip, deflate, br',
  'accept-language' => 'zh-CN,zh;q=0.9,und;q=0.8',
  'cookie' => 'Hm_lvt_e701a3287df46ba2b094421b447da61a=1549613947; Phpstorm-4c7343b3=59736591-84da-4a4c-ac99-aaa65045068d',
)
[ info ] [ PARAM ] array (
)
[ info ] [ LOG ] INIT File
[ error ] [2]"continue" targeting switch is equivalent to "break". Did you mean to use "continue 2"?[C:\xampp\htdocs\thinkphp\library\think\Template.php:1047]
---------------------------------------------------------------
[ 2019-06-11T17:22:57+08:00 ] ::1 GET /
[ info ] localhost/ [运行时间：0.045003s][吞吐率：22.22req/s] [内存消耗：1,060.70kb] [文件加载：55]
[ info ] [ LANG ] C:\xampp\htdocs\thinkphp\lang\zh-cn.php
[ info ] [ ROUTE ] array (
  'rule' => '',
  'route' => 'index/index',
  'option' => 
  array (
    'merge_rule_regex' => false,
  ),
  'var' => 
  array (
  ),
)
[ info ] [ HEADER ] array (
  'host' => 'localhost',
  'connection' => 'keep-alive',
  'cache-control' => 'max-age=0',
  'upgrade-insecure-requests' => '1',
  'user-agent' => 'Mozilla/5.0 (Windows NT 6.1; Win64; x64) AppleWebKit/537.36 (KHTML, like Gecko) Chrome/74.0.3729.169 Safari/537.36',
  'accept' => 'text/html,application/xhtml+xml,application/xml;q=0.9,image/webp,image/apng,*/*;q=0.8,application/signed-exchange;v=b3',
  'accept-encoding' => 'gzip, deflate, br',
  'accept-language' => 'zh-CN,zh;q=0.9,und;q=0.8',
  'cookie' => 'Hm_lvt_e701a3287df46ba2b094421b447da61a=1549613947; Phpstorm-4c7343b3=59736591-84da-4a4c-ac99-aaa65045068d',
)
[ info ] [ PARAM ] array (
)
[ info ] [ LOG ] INIT File
[ error ] [2]"continue" targeting switch is equivalent to "break". Did you mean to use "continue 2"?[C:\xampp\htdocs\thinkphp\library\think\Template.php:1047]
---------------------------------------------------------------
[ 2019-06-11T17:22:58+08:00 ] ::1 GET /
[ info ] localhost/ [运行时间：0.064004s][吞吐率：15.62req/s] [内存消耗：1,060.70kb] [文件加载：55]
[ info ] [ LANG ] C:\xampp\htdocs\thinkphp\lang\zh-cn.php
[ info ] [ ROUTE ] array (
  'rule' => '',
  'route' => 'index/index',
  'option' => 
  array (
    'merge_rule_regex' => false,
  ),
  'var' => 
  array (
  ),
)
[ info ] [ HEADER ] array (
  'host' => 'localhost',
  'connection' => 'keep-alive',
  'cache-control' => 'max-age=0',
  'upgrade-insecure-requests' => '1',
  'user-agent' => 'Mozilla/5.0 (Windows NT 6.1; Win64; x64) AppleWebKit/537.36 (KHTML, like Gecko) Chrome/74.0.3729.169 Safari/537.36',
  'accept' => 'text/html,application/xhtml+xml,application/xml;q=0.9,image/webp,image/apng,*/*;q=0.8,application/signed-exchange;v=b3',
  'accept-encoding' => 'gzip, deflate, br',
  'accept-language' => 'zh-CN,zh;q=0.9,und;q=0.8',
  'cookie' => 'Hm_lvt_e701a3287df46ba2b094421b447da61a=1549613947; Phpstorm-4c7343b3=59736591-84da-4a4c-ac99-aaa65045068d',
)
[ info ] [ PARAM ] array (
)
[ info ] [ LOG ] INIT File
[ error ] [2]"continue" targeting switch is equivalent to "break". Did you mean to use "continue 2"?[C:\xampp\htdocs\thinkphp\library\think\Template.php:1047]
---------------------------------------------------------------
[ 2019-06-11T17:22:58+08:00 ] ::1 GET /
[ info ] localhost/ [运行时间：0.063004s][吞吐率：15.87req/s] [内存消耗：1,060.70kb] [文件加载：55]
[ info ] [ LANG ] C:\xampp\htdocs\thinkphp\lang\zh-cn.php
[ info ] [ ROUTE ] array (
  'rule' => '',
  'route' => 'index/index',
  'option' => 
  array (
    'merge_rule_regex' => false,
  ),
  'var' => 
  array (
  ),
)
[ info ] [ HEADER ] array (
  'host' => 'localhost',
  'connection' => 'keep-alive',
  'cache-control' => 'max-age=0',
  'upgrade-insecure-requests' => '1',
  'user-agent' => 'Mozilla/5.0 (Windows NT 6.1; Win64; x64) AppleWebKit/537.36 (KHTML, like Gecko) Chrome/74.0.3729.169 Safari/537.36',
  'accept' => 'text/html,application/xhtml+xml,application/xml;q=0.9,image/webp,image/apng,*/*;q=0.8,application/signed-exchange;v=b3',
  'accept-encoding' => 'gzip, deflate, br',
  'accept-language' => 'zh-CN,zh;q=0.9,und;q=0.8',
  'cookie' => 'Hm_lvt_e701a3287df46ba2b094421b447da61a=1549613947; Phpstorm-4c7343b3=59736591-84da-4a4c-ac99-aaa65045068d',
)
[ info ] [ PARAM ] array (
)
[ info ] [ LOG ] INIT File
[ error ] [2]"continue" targeting switch is equivalent to "break". Did you mean to use "continue 2"?[C:\xampp\htdocs\thinkphp\library\think\Template.php:1047]
---------------------------------------------------------------
[ 2019-06-11T17:22:58+08:00 ] ::1 GET /
[ info ] localhost/ [运行时间：0.055003s][吞吐率：18.18req/s] [内存消耗：1,060.70kb] [文件加载：55]
[ info ] [ LANG ] C:\xampp\htdocs\thinkphp\lang\zh-cn.php
[ info ] [ ROUTE ] array (
  'rule' => '',
  'route' => 'index/index',
  'option' => 
  array (
    'merge_rule_regex' => false,
  ),
  'var' => 
  array (
  ),
)
[ info ] [ HEADER ] array (
  'host' => 'localhost',
  'connection' => 'keep-alive',
  'cache-control' => 'max-age=0',
  'upgrade-insecure-requests' => '1',
  'user-agent' => 'Mozilla/5.0 (Windows NT 6.1; Win64; x64) AppleWebKit/537.36 (KHTML, like Gecko) Chrome/74.0.3729.169 Safari/537.36',
  'accept' => 'text/html,application/xhtml+xml,application/xml;q=0.9,image/webp,image/apng,*/*;q=0.8,application/signed-exchange;v=b3',
  'accept-encoding' => 'gzip, deflate, br',
  'accept-language' => 'zh-CN,zh;q=0.9,und;q=0.8',
  'cookie' => 'Hm_lvt_e701a3287df46ba2b094421b447da61a=1549613947; Phpstorm-4c7343b3=59736591-84da-4a4c-ac99-aaa65045068d',
)
[ info ] [ PARAM ] array (
)
[ info ] [ LOG ] INIT File
[ error ] [2]"continue" targeting switch is equivalent to "break". Did you mean to use "continue 2"?[C:\xampp\htdocs\thinkphp\library\think\Template.php:1047]
---------------------------------------------------------------
[ 2019-06-11T17:27:33+08:00 ] ::1 GET /
[ info ] localhost/ [运行时间：0.073004s][吞吐率：13.70req/s] [内存消耗：866.95kb] [文件加载：48]
[ info ] [ LANG ] C:\xampp\htdocs\thinkphp\lang\zh-cn.php
[ info ] [ LOG ] INIT File
---------------------------------------------------------------
[ 2019-06-11T17:27:33+08:00 ] ::1 GET /
[ info ] localhost/ [运行时间：0.038002s][吞吐率：26.31req/s] [内存消耗：866.95kb] [文件加载：48]
[ info ] [ LANG ] C:\xampp\htdocs\thinkphp\lang\zh-cn.php
[ info ] [ LOG ] INIT File
---------------------------------------------------------------
[ 2019-06-11T17:27:40+08:00 ] ::1 GET /v1/banner/1
[ info ] localhost/v1/banner/1 [运行时间：0.033002s][吞吐率：30.30req/s] [内存消耗：867.55kb] [文件加载：48]
[ info ] [ LANG ] C:\xampp\htdocs\thinkphp\lang\zh-cn.php
[ info ] [ LOG ] INIT File
---------------------------------------------------------------
[ 2019-06-11T17:27:55+08:00 ] ::1 GET /api/v1/banner/1
[ info ] localhost/api/v1/banner/1 [运行时间：0.041002s][吞吐率：24.39req/s] [内存消耗：882.84kb] [文件加载：50]
[ info ] [ LANG ] C:\xampp\htdocs\thinkphp\lang\zh-cn.php
[ info ] [ ROUTE ] array (
)
[ info ] [ HEADER ] array (
  'host' => 'localhost',
  'connection' => 'keep-alive',
  'upgrade-insecure-requests' => '1',
  'user-agent' => 'Mozilla/5.0 (Windows NT 6.1; Win64; x64) AppleWebKit/537.36 (KHTML, like Gecko) Chrome/74.0.3729.169 Safari/537.36',
  'accept' => 'text/html,application/xhtml+xml,application/xml;q=0.9,image/webp,image/apng,*/*;q=0.8,application/signed-exchange;v=b3',
  'accept-encoding' => 'gzip, deflate, br',
  'accept-language' => 'zh-CN,zh;q=0.9,und;q=0.8',
  'cookie' => 'Hm_lvt_e701a3287df46ba2b094421b447da61a=1549613947; Phpstorm-4c7343b3=59736591-84da-4a4c-ac99-aaa65045068d',
)
[ info ] [ PARAM ] array (
)
[ info ] [ LOG ] INIT File
---------------------------------------------------------------
[ 2019-06-11T17:28:10+08:00 ] ::1 GET /v1/banner/1
[ info ] localhost/v1/banner/1 [运行时间：0.035002s][吞吐率：28.57req/s] [内存消耗：867.55kb] [文件加载：48]
[ info ] [ LANG ] C:\xampp\htdocs\thinkphp\lang\zh-cn.php
[ info ] [ LOG ] INIT File
---------------------------------------------------------------
[ 2019-06-11T17:31:21+08:00 ] ::1 GET /v1/banner/1
[ info ] localhost/v1/banner/1 [运行时间：0.062004s][吞吐率：16.13req/s] [内存消耗：816.66kb] [文件加载：44]
[ info ] [ LANG ] C:\xampp\htdocs\thinkphp\lang\zh-cn.php
[ info ] [ ROUTE ] array (
  'rule' => 'v1/banner/<id>',
  'route' => 'api/v1.banner/getBanner',
  'option' => 
  array (
    'merge_rule_regex' => false,
  ),
  'var' => 
  array (
    'id' => '1',
  ),
)
[ info ] [ HEADER ] array (
  'host' => 'localhost',
  'connection' => 'keep-alive',
  'cache-control' => 'max-age=0',
  'upgrade-insecure-requests' => '1',
  'user-agent' => 'Mozilla/5.0 (Windows NT 6.1; Win64; x64) AppleWebKit/537.36 (KHTML, like Gecko) Chrome/74.0.3729.169 Safari/537.36',
  'accept' => 'text/html,application/xhtml+xml,application/xml;q=0.9,image/webp,image/apng,*/*;q=0.8,application/signed-exchange;v=b3',
  'accept-encoding' => 'gzip, deflate, br',
  'accept-language' => 'zh-CN,zh;q=0.9,und;q=0.8',
  'cookie' => 'Hm_lvt_e701a3287df46ba2b094421b447da61a=1549613947; Phpstorm-4c7343b3=59736591-84da-4a4c-ac99-aaa65045068d',
)
[ info ] [ PARAM ] array (
  'id' => '1',
)
[ info ] [ LOG ] INIT File
---------------------------------------------------------------
[ 2019-06-11T17:31:22+08:00 ] ::1 GET /v1/banner/1
[ info ] localhost/v1/banner/1 [运行时间：0.031002s][吞吐率：32.26req/s] [内存消耗：816.66kb] [文件加载：44]
[ info ] [ LANG ] C:\xampp\htdocs\thinkphp\lang\zh-cn.php
[ info ] [ ROUTE ] array (
  'rule' => 'v1/banner/<id>',
  'route' => 'api/v1.banner/getBanner',
  'option' => 
  array (
    'merge_rule_regex' => false,
  ),
  'var' => 
  array (
    'id' => '1',
  ),
)
[ info ] [ HEADER ] array (
  'host' => 'localhost',
  'connection' => 'keep-alive',
  'cache-control' => 'max-age=0',
  'upgrade-insecure-requests' => '1',
  'user-agent' => 'Mozilla/5.0 (Windows NT 6.1; Win64; x64) AppleWebKit/537.36 (KHTML, like Gecko) Chrome/74.0.3729.169 Safari/537.36',
  'accept' => 'text/html,application/xhtml+xml,application/xml;q=0.9,image/webp,image/apng,*/*;q=0.8,application/signed-exchange;v=b3',
  'accept-encoding' => 'gzip, deflate, br',
  'accept-language' => 'zh-CN,zh;q=0.9,und;q=0.8',
  'cookie' => 'Hm_lvt_e701a3287df46ba2b094421b447da61a=1549613947; Phpstorm-4c7343b3=59736591-84da-4a4c-ac99-aaa65045068d',
)
[ info ] [ PARAM ] array (
  'id' => '1',
)
[ info ] [ LOG ] INIT File
---------------------------------------------------------------
[ 2019-06-11T17:31:22+08:00 ] ::1 GET /v1/banner/1
[ info ] localhost/v1/banner/1 [运行时间：0.029002s][吞吐率：34.48req/s] [内存消耗：816.66kb] [文件加载：44]
[ info ] [ LANG ] C:\xampp\htdocs\thinkphp\lang\zh-cn.php
[ info ] [ ROUTE ] array (
  'rule' => 'v1/banner/<id>',
  'route' => 'api/v1.banner/getBanner',
  'option' => 
  array (
    'merge_rule_regex' => false,
  ),
  'var' => 
  array (
    'id' => '1',
  ),
)
[ info ] [ HEADER ] array (
  'host' => 'localhost',
  'connection' => 'keep-alive',
  'cache-control' => 'max-age=0',
  'upgrade-insecure-requests' => '1',
  'user-agent' => 'Mozilla/5.0 (Windows NT 6.1; Win64; x64) AppleWebKit/537.36 (KHTML, like Gecko) Chrome/74.0.3729.169 Safari/537.36',
  'accept' => 'text/html,application/xhtml+xml,application/xml;q=0.9,image/webp,image/apng,*/*;q=0.8,application/signed-exchange;v=b3',
  'accept-encoding' => 'gzip, deflate, br',
  'accept-language' => 'zh-CN,zh;q=0.9,und;q=0.8',
  'cookie' => 'Hm_lvt_e701a3287df46ba2b094421b447da61a=1549613947; Phpstorm-4c7343b3=59736591-84da-4a4c-ac99-aaa65045068d',
)
[ info ] [ PARAM ] array (
  'id' => '1',
)
[ info ] [ LOG ] INIT File
---------------------------------------------------------------
[ 2019-06-11T17:31:23+08:00 ] ::1 GET /v1/banner/1
[ info ] localhost/v1/banner/1 [运行时间：0.033002s][吞吐率：30.30req/s] [内存消耗：816.66kb] [文件加载：44]
[ info ] [ LANG ] C:\xampp\htdocs\thinkphp\lang\zh-cn.php
[ info ] [ ROUTE ] array (
  'rule' => 'v1/banner/<id>',
  'route' => 'api/v1.banner/getBanner',
  'option' => 
  array (
    'merge_rule_regex' => false,
  ),
  'var' => 
  array (
    'id' => '1',
  ),
)
[ info ] [ HEADER ] array (
  'host' => 'localhost',
  'connection' => 'keep-alive',
  'cache-control' => 'max-age=0',
  'upgrade-insecure-requests' => '1',
  'user-agent' => 'Mozilla/5.0 (Windows NT 6.1; Win64; x64) AppleWebKit/537.36 (KHTML, like Gecko) Chrome/74.0.3729.169 Safari/537.36',
  'accept' => 'text/html,application/xhtml+xml,application/xml;q=0.9,image/webp,image/apng,*/*;q=0.8,application/signed-exchange;v=b3',
  'accept-encoding' => 'gzip, deflate, br',
  'accept-language' => 'zh-CN,zh;q=0.9,und;q=0.8',
  'cookie' => 'Hm_lvt_e701a3287df46ba2b094421b447da61a=1549613947; Phpstorm-4c7343b3=59736591-84da-4a4c-ac99-aaa65045068d',
)
[ info ] [ PARAM ] array (
  'id' => '1',
)
[ info ] [ LOG ] INIT File
---------------------------------------------------------------
[ 2019-06-11T17:31:23+08:00 ] ::1 GET /v1/banner/1
[ info ] localhost/v1/banner/1 [运行时间：0.030002s][吞吐率：33.33req/s] [内存消耗：816.66kb] [文件加载：44]
[ info ] [ LANG ] C:\xampp\htdocs\thinkphp\lang\zh-cn.php
[ info ] [ ROUTE ] array (
  'rule' => 'v1/banner/<id>',
  'route' => 'api/v1.banner/getBanner',
  'option' => 
  array (
    'merge_rule_regex' => false,
  ),
  'var' => 
  array (
    'id' => '1',
  ),
)
[ info ] [ HEADER ] array (
  'host' => 'localhost',
  'connection' => 'keep-alive',
  'cache-control' => 'max-age=0',
  'upgrade-insecure-requests' => '1',
  'user-agent' => 'Mozilla/5.0 (Windows NT 6.1; Win64; x64) AppleWebKit/537.36 (KHTML, like Gecko) Chrome/74.0.3729.169 Safari/537.36',
  'accept' => 'text/html,application/xhtml+xml,application/xml;q=0.9,image/webp,image/apng,*/*;q=0.8,application/signed-exchange;v=b3',
  'accept-encoding' => 'gzip, deflate, br',
  'accept-language' => 'zh-CN,zh;q=0.9,und;q=0.8',
  'cookie' => 'Hm_lvt_e701a3287df46ba2b094421b447da61a=1549613947; Phpstorm-4c7343b3=59736591-84da-4a4c-ac99-aaa65045068d',
)
[ info ] [ PARAM ] array (
  'id' => '1',
)
[ info ] [ LOG ] INIT File
---------------------------------------------------------------
[ 2019-06-11T17:31:23+08:00 ] ::1 GET /v1/banner/1
[ info ] localhost/v1/banner/1 [运行时间：0.032001s][吞吐率：31.25req/s] [内存消耗：816.66kb] [文件加载：44]
[ info ] [ LANG ] C:\xampp\htdocs\thinkphp\lang\zh-cn.php
[ info ] [ ROUTE ] array (
  'rule' => 'v1/banner/<id>',
  'route' => 'api/v1.banner/getBanner',
  'option' => 
  array (
    'merge_rule_regex' => false,
  ),
  'var' => 
  array (
    'id' => '1',
  ),
)
[ info ] [ HEADER ] array (
  'host' => 'localhost',
  'connection' => 'keep-alive',
  'cache-control' => 'max-age=0',
  'upgrade-insecure-requests' => '1',
  'user-agent' => 'Mozilla/5.0 (Windows NT 6.1; Win64; x64) AppleWebKit/537.36 (KHTML, like Gecko) Chrome/74.0.3729.169 Safari/537.36',
  'accept' => 'text/html,application/xhtml+xml,application/xml;q=0.9,image/webp,image/apng,*/*;q=0.8,application/signed-exchange;v=b3',
  'accept-encoding' => 'gzip, deflate, br',
  'accept-language' => 'zh-CN,zh;q=0.9,und;q=0.8',
  'cookie' => 'Hm_lvt_e701a3287df46ba2b094421b447da61a=1549613947; Phpstorm-4c7343b3=59736591-84da-4a4c-ac99-aaa65045068d',
)
[ info ] [ PARAM ] array (
  'id' => '1',
)
[ info ] [ LOG ] INIT File
---------------------------------------------------------------
[ 2019-06-11T17:31:24+08:00 ] ::1 GET /v1/banner/1
[ info ] localhost/v1/banner/1 [运行时间：0.031002s][吞吐率：32.26req/s] [内存消耗：816.66kb] [文件加载：44]
[ info ] [ LANG ] C:\xampp\htdocs\thinkphp\lang\zh-cn.php
[ info ] [ ROUTE ] array (
  'rule' => 'v1/banner/<id>',
  'route' => 'api/v1.banner/getBanner',
  'option' => 
  array (
    'merge_rule_regex' => false,
  ),
  'var' => 
  array (
    'id' => '1',
  ),
)
[ info ] [ HEADER ] array (
  'host' => 'localhost',
  'connection' => 'keep-alive',
  'cache-control' => 'max-age=0',
  'upgrade-insecure-requests' => '1',
  'user-agent' => 'Mozilla/5.0 (Windows NT 6.1; Win64; x64) AppleWebKit/537.36 (KHTML, like Gecko) Chrome/74.0.3729.169 Safari/537.36',
  'accept' => 'text/html,application/xhtml+xml,application/xml;q=0.9,image/webp,image/apng,*/*;q=0.8,application/signed-exchange;v=b3',
  'accept-encoding' => 'gzip, deflate, br',
  'accept-language' => 'zh-CN,zh;q=0.9,und;q=0.8',
  'cookie' => 'Hm_lvt_e701a3287df46ba2b094421b447da61a=1549613947; Phpstorm-4c7343b3=59736591-84da-4a4c-ac99-aaa65045068d',
)
[ info ] [ PARAM ] array (
  'id' => '1',
)
[ info ] [ LOG ] INIT File
---------------------------------------------------------------
[ 2019-06-11T17:31:24+08:00 ] ::1 GET /v1/banner/1
[ info ] localhost/v1/banner/1 [运行时间：0.037002s][吞吐率：27.03req/s] [内存消耗：816.66kb] [文件加载：44]
[ info ] [ LANG ] C:\xampp\htdocs\thinkphp\lang\zh-cn.php
[ info ] [ ROUTE ] array (
  'rule' => 'v1/banner/<id>',
  'route' => 'api/v1.banner/getBanner',
  'option' => 
  array (
    'merge_rule_regex' => false,
  ),
  'var' => 
  array (
    'id' => '1',
  ),
)
[ info ] [ HEADER ] array (
  'host' => 'localhost',
  'connection' => 'keep-alive',
  'cache-control' => 'max-age=0',
  'upgrade-insecure-requests' => '1',
  'user-agent' => 'Mozilla/5.0 (Windows NT 6.1; Win64; x64) AppleWebKit/537.36 (KHTML, like Gecko) Chrome/74.0.3729.169 Safari/537.36',
  'accept' => 'text/html,application/xhtml+xml,application/xml;q=0.9,image/webp,image/apng,*/*;q=0.8,application/signed-exchange;v=b3',
  'accept-encoding' => 'gzip, deflate, br',
  'accept-language' => 'zh-CN,zh;q=0.9,und;q=0.8',
  'cookie' => 'Hm_lvt_e701a3287df46ba2b094421b447da61a=1549613947; Phpstorm-4c7343b3=59736591-84da-4a4c-ac99-aaa65045068d',
)
[ info ] [ PARAM ] array (
  'id' => '1',
)
[ info ] [ LOG ] INIT File
