---------------------------------------------------------------
[ 2018-08-24T13:53:56+08:00 ] 127.0.0.1 OPTIONS /
[ info ] test/ [运行时间：0.368294s][吞吐率：2.72req/s] [内存消耗：1,338.96kb] [文件加载：68]
[ info ] [ LANG ] C:\xampp\htdocs\test\thinkphp\lang\zh-cn.php
[ info ] [ ROUTE ] array (
  'rule' => '',
  'route' => 'index/index',
  'option' => 
  array (
    'merge_rule_regex' => false,
  ),
  'var' => 
  array (
  ),
)
[ info ] [ HEADER ] array (
  'connection' => 'Keep-Alive',
  'user-agent' => 'Microsoft-WebDAV-MiniRedir/10.0.17134',
  'translate' => 'f',
  'host' => 'test',
)
[ info ] [ PARAM ] array (
)
[ info ] [ VIEW ] C:\xampp\htdocs\test/application/index\view\index-index.html [ array (
) ]
[ info ] [ LOG ] INIT File
---------------------------------------------------------------
[ 2018-08-24T13:53:56+08:00 ] 127.0.0.1 PROPFIND /
[ info ] test/ [运行时间：0.021617s][吞吐率：46.26req/s] [内存消耗：1,373.11kb] [文件加载：69]
[ info ] [ LANG ] C:\xampp\htdocs\test\thinkphp\lang\zh-cn.php
[ info ] [ ROUTE ] array (
)
[ info ] [ HEADER ] array (
  'connection' => 'Keep-Alive',
  'user-agent' => 'Microsoft-WebDAV-MiniRedir/10.0.17134',
  'depth' => '0',
  'translate' => 'f',
  'content-length' => '0',
  'host' => 'test',
)
[ info ] [ PARAM ] array (
)
[ info ] [ VIEW ] C:\xampp\htdocs\test/application/index\view\index-index.html [ array (
) ]
[ info ] [ LOG ] INIT File
---------------------------------------------------------------
[ 2018-08-24T13:53:57+08:00 ] 127.0.0.1 PROPFIND /
[ info ] test/ [运行时间：0.015781s][吞吐率：63.37req/s] [内存消耗：1,373.08kb] [文件加载：69]
[ info ] [ LANG ] C:\xampp\htdocs\test\thinkphp\lang\zh-cn.php
[ info ] [ ROUTE ] array (
)
[ info ] [ HEADER ] array (
  'connection' => 'Keep-Alive',
  'user-agent' => 'Microsoft-WebDAV-MiniRedir/10.0.17134',
  'depth' => '0',
  'translate' => 'f',
  'content-length' => '0',
  'host' => 'test',
)
[ info ] [ PARAM ] array (
)
[ info ] [ VIEW ] C:\xampp\htdocs\test/application/index\view\index-index.html [ array (
) ]
[ info ] [ LOG ] INIT File
---------------------------------------------------------------
[ 2018-08-24T13:53:57+08:00 ] 127.0.0.1 PROPFIND /
[ info ] test/ [运行时间：0.015936s][吞吐率：62.75req/s] [内存消耗：1,373.08kb] [文件加载：69]
[ info ] [ LANG ] C:\xampp\htdocs\test\thinkphp\lang\zh-cn.php
[ info ] [ ROUTE ] array (
)
[ info ] [ HEADER ] array (
  'connection' => 'Keep-Alive',
  'user-agent' => 'Microsoft-WebDAV-MiniRedir/10.0.17134',
  'depth' => '0',
  'translate' => 'f',
  'content-length' => '0',
  'host' => 'test',
)
[ info ] [ PARAM ] array (
)
[ info ] [ VIEW ] C:\xampp\htdocs\test/application/index\view\index-index.html [ array (
) ]
[ info ] [ LOG ] INIT File
---------------------------------------------------------------
[ 2018-08-24T13:53:57+08:00 ] 127.0.0.1 GET /
[ info ] test/ [运行时间：0.031364s][吞吐率：31.88req/s] [内存消耗：1,340.38kb] [文件加载：68]
[ info ] [ LANG ] C:\xampp\htdocs\test\thinkphp\lang\zh-cn.php
[ info ] [ ROUTE ] array (
  'rule' => '',
  'route' => 'index/index',
  'option' => 
  array (
    'merge_rule_regex' => false,
  ),
  'var' => 
  array (
  ),
)
[ info ] [ HEADER ] array (
  'host' => 'test',
  'connection' => 'keep-alive',
  'upgrade-insecure-requests' => '1',
  'user-agent' => 'Mozilla/5.0 (Windows NT 10.0; Win64; x64) AppleWebKit/537.36 (KHTML, like Gecko) Chrome/68.0.3440.106 Safari/537.36',
  'accept' => 'text/html,application/xhtml+xml,application/xml;q=0.9,image/webp,image/apng,*/*;q=0.8',
  'accept-encoding' => 'gzip, deflate',
  'accept-language' => 'zh-CN,zh;q=0.9,en;q=0.8,und;q=0.7',
)
[ info ] [ PARAM ] array (
)
[ info ] [ VIEW ] C:\xampp\htdocs\test/application/index\view\index-index.html [ array (
) ]
[ info ] [ LOG ] INIT File
---------------------------------------------------------------
[ 2018-08-24T13:53:57+08:00 ] 127.0.0.1 GET /static/frozen.css
[ info ] test/static/frozen.css [运行时间：0.042953s][吞吐率：23.28req/s] [内存消耗：972.57kb] [文件加载：58]
[ info ] [ LANG ] C:\xampp\htdocs\test\thinkphp\lang\zh-cn.php
[ info ] [ LOG ] INIT File
---------------------------------------------------------------
[ 2018-08-24T13:53:57+08:00 ] 127.0.0.1 GET /static/zepto.min.js
[ info ] test/static/zepto.min.js [运行时间：0.021193s][吞吐率：47.19req/s] [内存消耗：972.59kb] [文件加载：58]
[ info ] [ LANG ] C:\xampp\htdocs\test\thinkphp\lang\zh-cn.php
[ info ] [ LOG ] INIT File
---------------------------------------------------------------
[ 2018-08-24T13:53:57+08:00 ] 127.0.0.1 GET /static/frozen.js
[ info ] test/static/frozen.js [运行时间：0.021577s][吞吐率：46.35req/s] [内存消耗：972.59kb] [文件加载：58]
[ info ] [ LANG ] C:\xampp\htdocs\test\thinkphp\lang\zh-cn.php
[ info ] [ LOG ] INIT File
---------------------------------------------------------------
[ 2018-08-24T13:53:57+08:00 ] 127.0.0.1 GET /favicon.ico
[ info ] test/favicon.ico [运行时间：0.015991s][吞吐率：62.54req/s] [内存消耗：972.45kb] [文件加载：58]
[ info ] [ LANG ] C:\xampp\htdocs\test\thinkphp\lang\zh-cn.php
[ info ] [ LOG ] INIT File
---------------------------------------------------------------
[ 2018-08-24T13:53:58+08:00 ] 127.0.0.1 PROPFIND /
[ info ] test/ [运行时间：0.023962s][吞吐率：41.73req/s] [内存消耗：1,373.08kb] [文件加载：69]
[ info ] [ LANG ] C:\xampp\htdocs\test\thinkphp\lang\zh-cn.php
[ info ] [ ROUTE ] array (
)
[ info ] [ HEADER ] array (
  'connection' => 'Keep-Alive',
  'user-agent' => 'Microsoft-WebDAV-MiniRedir/10.0.17134',
  'depth' => '0',
  'translate' => 'f',
  'content-length' => '0',
  'host' => 'test',
)
[ info ] [ PARAM ] array (
)
[ info ] [ VIEW ] C:\xampp\htdocs\test/application/index\view\index-index.html [ array (
) ]
[ info ] [ LOG ] INIT File
